# JRE version: OpenJDK Runtime Environment (17.0.11) (build 17.0.11+0--11852314)
# Java VM: OpenJDK 64-Bit Server VM (17.0.11+0--11852314, mixed mode, tiered, compressed oops, compressed class ptrs, g1 gc, windows-amd64)
GC Precious Log:
 CPUs: 4 total, 4 available
 Memory: 8089M
 Large Page Support: Disabled
 NUMA Support: Disabled
 Compressed Oops: Enabled (32-bit)
 Heap Region Size: 1M
 Heap Min Capacity: 8M
 Heap Initial Capacity: 128M
 Heap Max Capacity: 2G
 Pre-touch: Disabled
 Parallel Workers: 4
 Concurrent Workers: 1
 Concurrent Refinement Workers: 4
 Periodic GC: Disabled
Heap:
 garbage-first heap   total 232448K, used 168095K [0x0000000080000000, 0x0000000100000000)
  region size 1024K, 15 young (15360K), 6 survivors (6144K)
 Metaspace       used 107863K, committed 108736K, reserved 1179648K
  class space    used 14667K, committed 15104K, reserved 1048576K
GC Heap History (20 events):
Event: 21.572 GC heap before
{Heap before GC invocations=26 (full 0):
 garbage-first heap   total 193536K, used 158795K [0x0000000080000000, 0x0000000100000000)
  region size 1024K, 70 young (71680K), 3 survivors (3072K)
 Metaspace       used 94095K, committed 94784K, reserved 1179648K
  class space    used 12954K, committed 13248K, reserved 1048576K
}
Event: 21.586 GC heap after
{Heap after GC invocations=27 (full 0):
 garbage-first heap   total 193536K, used 93458K [0x0000000080000000, 0x0000000100000000)
  region size 1024K, 6 young (6144K), 6 survivors (6144K)
 Metaspace       used 94095K, committed 94784K, reserved 1179648K
  class space    used 12954K, committed 13248K, reserved 1048576K
}
Event: 23.607 GC heap before
{Heap before GC invocations=28 (full 0):
 garbage-first heap   total 193536K, used 160018K [0x0000000080000000, 0x0000000100000000)
  region size 1024K, 71 young (72704K), 6 survivors (6144K)
 Metaspace       used 99566K, committed 100352K, reserved 1179648K
  class space    used 13751K, committed 14144K, reserved 1048576K
}
Event: 23.622 GC heap after
{Heap after GC invocations=29 (full 0):
 garbage-first heap   total 193536K, used 96909K [0x0000000080000000, 0x0000000100000000)
  region size 1024K, 7 young (7168K), 7 survivors (7168K)
 Metaspace       used 99566K, committed 100352K, reserved 1179648K
  class space    used 13751K, committed 14144K, reserved 1048576K
}
Event: 23.685 GC heap before
{Heap before GC invocations=29 (full 0):
 garbage-first heap   total 193536K, used 98957K [0x0000000080000000, 0x0000000100000000)
  region size 1024K, 9 young (9216K), 7 survivors (7168K)
 Metaspace       used 99631K, committed 100416K, reserved 1179648K
  class space    used 13760K, committed 14144K, reserved 1048576K
}
Event: 23.700 GC heap after
{Heap after GC invocations=30 (full 0):
 garbage-first heap   total 193536K, used 96402K [0x0000000080000000, 0x0000000100000000)
  region size 1024K, 2 young (2048K), 2 survivors (2048K)
 Metaspace       used 99631K, committed 100416K, reserved 1179648K
  class space    used 13760K, committed 14144K, reserved 1048576K
}
Event: 25.074 GC heap before
{Heap before GC invocations=30 (full 0):
 garbage-first heap   total 193536K, used 130194K [0x0000000080000000, 0x0000000100000000)
  region size 1024K, 37 young (37888K), 2 survivors (2048K)
 Metaspace       used 101770K, committed 102528K, reserved 1179648K
  class space    used 14002K, committed 14400K, reserved 1048576K
}
Event: 25.084 GC heap after
{Heap after GC invocations=31 (full 0):
 garbage-first heap   total 193536K, used 100444K [0x0000000080000000, 0x0000000100000000)
  region size 1024K, 6 young (6144K), 6 survivors (6144K)
 Metaspace       used 101770K, committed 102528K, reserved 1179648K
  class space    used 14002K, committed 14400K, reserved 1048576K
}
Event: 26.517 GC heap before
{Heap before GC invocations=32 (full 0):
 garbage-first heap   total 193536K, used 162908K [0x0000000080000000, 0x0000000100000000)
  region size 1024K, 63 young (64512K), 6 survivors (6144K)
 Metaspace       used 104365K, committed 105088K, reserved 1179648K
  class space    used 14309K, committed 14656K, reserved 1048576K
}
Event: 26.533 GC heap after
{Heap after GC invocations=33 (full 0):
 garbage-first heap   total 193536K, used 105658K [0x0000000080000000, 0x0000000100000000)
  region size 1024K, 6 young (6144K), 6 survivors (6144K)
 Metaspace       used 104365K, committed 105088K, reserved 1179648K
  class space    used 14309K, committed 14656K, reserved 1048576K
}
Event: 26.571 GC heap before
{Heap before GC invocations=33 (full 0):
 garbage-first heap   total 193536K, used 108730K [0x0000000080000000, 0x0000000100000000)
  region size 1024K, 9 young (9216K), 6 survivors (6144K)
 Metaspace       used 104382K, committed 105088K, reserved 1179648K
  class space    used 14309K, committed 14656K, reserved 1048576K
}
Event: 26.583 GC heap after
{Heap after GC invocations=34 (full 0):
 garbage-first heap   total 193536K, used 104952K [0x0000000080000000, 0x0000000100000000)
  region size 1024K, 2 young (2048K), 2 survivors (2048K)
 Metaspace       used 104382K, committed 105088K, reserved 1179648K
  class space    used 14309K, committed 14656K, reserved 1048576K
}
Event: 29.388 GC heap before
{Heap before GC invocations=34 (full 0):
 garbage-first heap   total 193536K, used 157176K [0x0000000080000000, 0x0000000100000000)
  region size 1024K, 54 young (55296K), 2 survivors (2048K)
 Metaspace       used 106720K, committed 107456K, reserved 1179648K
  class space    used 14573K, committed 14912K, reserved 1048576K
}
Event: 29.403 GC heap after
{Heap after GC invocations=35 (full 0):
 garbage-first heap   total 193536K, used 115144K [0x0000000080000000, 0x0000000100000000)
  region size 1024K, 7 young (7168K), 7 survivors (7168K)
 Metaspace       used 106720K, committed 107456K, reserved 1179648K
  class space    used 14573K, committed 14912K, reserved 1048576K
}
Event: 30.317 GC heap before
{Heap before GC invocations=36 (full 0):
 garbage-first heap   total 232448K, used 162248K [0x0000000080000000, 0x0000000100000000)
  region size 1024K, 44 young (45056K), 7 survivors (7168K)
 Metaspace       used 107173K, committed 107968K, reserved 1179648K
  class space    used 14606K, committed 14976K, reserved 1048576K
}
Event: 30.347 GC heap after
{Heap after GC invocations=37 (full 0):
 garbage-first heap   total 232448K, used 133609K [0x0000000080000000, 0x0000000100000000)
  region size 1024K, 6 young (6144K), 6 survivors (6144K)
 Metaspace       used 107173K, committed 107968K, reserved 1179648K
  class space    used 14606K, committed 14976K, reserved 1048576K
}
Event: 30.556 GC heap before
{Heap before GC invocations=37 (full 0):
 garbage-first heap   total 232448K, used 137705K [0x0000000080000000, 0x0000000100000000)
  region size 1024K, 11 young (11264K), 6 survivors (6144K)
 Metaspace       used 107333K, committed 108160K, reserved 1179648K
  class space    used 14618K, committed 15040K, reserved 1048576K
}
Event: 30.572 GC heap after
{Heap after GC invocations=38 (full 0):
 garbage-first heap   total 232448K, used 134260K [0x0000000080000000, 0x0000000100000000)
  region size 1024K, 2 young (2048K), 2 survivors (2048K)
 Metaspace       used 107333K, committed 108160K, reserved 1179648K
  class space    used 14618K, committed 15040K, reserved 1048576K
}
Event: 31.954 GC heap before
{Heap before GC invocations=38 (full 0):
 garbage-first heap   total 232448K, used 188532K [0x0000000080000000, 0x0000000100000000)
  region size 1024K, 44 young (45056K), 2 survivors (2048K)
 Metaspace       used 107566K, committed 108352K, reserved 1179648K
  class space    used 14636K, committed 15040K, reserved 1048576K
}
Event: 31.986 GC heap after
{Heap after GC invocations=39 (full 0):
 garbage-first heap   total 232448K, used 145567K [0x0000000080000000, 0x0000000100000000)
  region size 1024K, 6 young (6144K), 6 survivors (6144K)
 Metaspace       used 107566K, committed 108352K, reserved 1179648K
  class space    used 14636K, committed 15040K, reserved 1048576K
}

