# JRE version: OpenJDK Runtime Environment (17.0.11) (build 17.0.11+0--11852314)
# Java VM: OpenJDK 64-Bit Server VM (17.0.11+0--11852314, mixed mode, tiered, compressed oops, compressed class ptrs, g1 gc, windows-amd64)
GC Precious Log:
 CPUs: 4 total, 4 available
 Memory: 8089M
 Large Page Support: Disabled
 NUMA Support: Disabled
 Compressed Oops: Enabled (32-bit)
 Heap Region Size: 1M
 Heap Min Capacity: 8M
 Heap Initial Capacity: 128M
 Heap Max Capacity: 2G
 Pre-touch: Disabled
 Parallel Workers: 4
 Concurrent Workers: 1
 Concurrent Refinement Workers: 4
 Periodic GC: Disabled
Heap:
 garbage-first heap   total 355328K, used 163776K [0x0000000080000000, 0x0000000100000000)
  region size 1024K, 3 young (3072K), 3 survivors (3072K)
 Metaspace       used 182149K, committed 183040K, reserved 1245184K
  class space    used 24219K, committed 24640K, reserved 1048576K
GC Heap History (20 events):
Event: 357.971 GC heap after
{Heap after GC invocations=81 (full 0):
 garbage-first heap   total 768000K, used 269157K [0x0000000080000000, 0x0000000100000000)
  region size 1024K, 9 young (9216K), 9 survivors (9216K)
 Metaspace       used 134590K, committed 135424K, reserved 1179648K
  class space    used 18206K, committed 18624K, reserved 1048576K
}
Event: 372.454 GC heap before
{Heap before GC invocations=82 (full 0):
 garbage-first heap   total 768000K, used 499557K [0x0000000080000000, 0x0000000100000000)
  region size 1024K, 218 young (223232K), 9 survivors (9216K)
 Metaspace       used 139269K, committed 140160K, reserved 1179648K
  class space    used 18775K, committed 19200K, reserved 1048576K
}
Event: 372.483 GC heap after
{Heap after GC invocations=83 (full 0):
 garbage-first heap   total 768000K, used 258285K [0x0000000080000000, 0x0000000100000000)
  region size 1024K, 11 young (11264K), 11 survivors (11264K)
 Metaspace       used 139269K, committed 140160K, reserved 1179648K
  class space    used 18775K, committed 19200K, reserved 1048576K
}
Event: 389.068 GC heap before
{Heap before GC invocations=83 (full 0):
 garbage-first heap   total 768000K, used 283885K [0x0000000080000000, 0x0000000100000000)
  region size 1024K, 37 young (37888K), 11 survivors (11264K)
 Metaspace       used 141648K, committed 142592K, reserved 1179648K
  class space    used 19141K, committed 19648K, reserved 1048576K
}
Event: 389.103 GC heap after
{Heap after GC invocations=84 (full 0):
 garbage-first heap   total 768000K, used 254675K [0x0000000080000000, 0x0000000100000000)
  region size 1024K, 2 young (2048K), 2 survivors (2048K)
 Metaspace       used 141648K, committed 142592K, reserved 1179648K
  class space    used 19141K, committed 19648K, reserved 1048576K
}
Event: 3959.323 GC heap before
{Heap before GC invocations=84 (full 0):
 garbage-first heap   total 768000K, used 460499K [0x0000000080000000, 0x0000000100000000)
  region size 1024K, 205 young (209920K), 2 survivors (2048K)
 Metaspace       used 147262K, committed 148288K, reserved 1179648K
  class space    used 19608K, committed 20096K, reserved 1048576K
}
Event: 3960.864 GC heap after
{Heap after GC invocations=85 (full 1):
 garbage-first heap   total 355328K, used 104486K [0x0000000080000000, 0x0000000100000000)
  region size 1024K, 0 young (0K), 0 survivors (0K)
 Metaspace       used 147262K, committed 148288K, reserved 1179648K
  class space    used 19608K, committed 20096K, reserved 1048576K
}
Event: 4935.245 GC heap before
{Heap before GC invocations=85 (full 1):
 garbage-first heap   total 355328K, used 129062K [0x0000000080000000, 0x0000000100000000)
  region size 1024K, 25 young (25600K), 0 survivors (0K)
 Metaspace       used 147372K, committed 148352K, reserved 1179648K
  class space    used 19634K, committed 20096K, reserved 1048576K
}
Event: 4935.253 GC heap after
{Heap after GC invocations=86 (full 1):
 garbage-first heap   total 355328K, used 105269K [0x0000000080000000, 0x0000000100000000)
  region size 1024K, 1 young (1024K), 1 survivors (1024K)
 Metaspace       used 147372K, committed 148352K, reserved 1179648K
  class space    used 19634K, committed 20096K, reserved 1048576K
}
Event: 4949.904 GC heap before
{Heap before GC invocations=87 (full 1):
 garbage-first heap   total 355328K, used 290613K [0x0000000080000000, 0x0000000100000000)
  region size 1024K, 146 young (149504K), 1 survivors (1024K)
 Metaspace       used 163812K, committed 164672K, reserved 1245184K
  class space    used 22111K, committed 22528K, reserved 1048576K
}
Event: 4950.033 GC heap after
{Heap after GC invocations=88 (full 1):
 garbage-first heap   total 355328K, used 151812K [0x0000000080000000, 0x0000000100000000)
  region size 1024K, 15 young (15360K), 15 survivors (15360K)
 Metaspace       used 163812K, committed 164672K, reserved 1245184K
  class space    used 22111K, committed 22528K, reserved 1048576K
}
Event: 4950.099 GC heap before
{Heap before GC invocations=88 (full 1):
 garbage-first heap   total 355328K, used 153860K [0x0000000080000000, 0x0000000100000000)
  region size 1024K, 17 young (17408K), 15 survivors (15360K)
 Metaspace       used 163812K, committed 164672K, reserved 1245184K
  class space    used 22111K, committed 22528K, reserved 1048576K
}
Event: 4950.267 GC heap after
{Heap after GC invocations=89 (full 1):
 garbage-first heap   total 355328K, used 149194K [0x0000000080000000, 0x0000000100000000)
  region size 1024K, 2 young (2048K), 2 survivors (2048K)
 Metaspace       used 163812K, committed 164672K, reserved 1245184K
  class space    used 22111K, committed 22528K, reserved 1048576K
}
Event: 4952.552 GC heap before
{Heap before GC invocations=89 (full 1):
 garbage-first heap   total 355328K, used 214730K [0x0000000080000000, 0x0000000100000000)
  region size 1024K, 67 young (68608K), 2 survivors (2048K)
 Metaspace       used 168125K, committed 168960K, reserved 1245184K
  class space    used 22619K, committed 23040K, reserved 1048576K
}
Event: 4952.581 GC heap after
{Heap after GC invocations=90 (full 1):
 garbage-first heap   total 355328K, used 153272K [0x0000000080000000, 0x0000000100000000)
  region size 1024K, 13 young (13312K), 13 survivors (13312K)
 Metaspace       used 168125K, committed 168960K, reserved 1245184K
  class space    used 22619K, committed 23040K, reserved 1048576K
}
Event: 4955.371 GC heap before
{Heap before GC invocations=91 (full 1):
 garbage-first heap   total 355328K, used 244408K [0x0000000080000000, 0x0000000100000000)
  region size 1024K, 95 young (97280K), 13 survivors (13312K)
 Metaspace       used 177697K, committed 178560K, reserved 1245184K
  class space    used 23650K, committed 24064K, reserved 1048576K
}
Event: 4955.476 GC heap after
{Heap after GC invocations=92 (full 1):
 garbage-first heap   total 355328K, used 163564K [0x0000000080000000, 0x0000000100000000)
  region size 1024K, 5 young (5120K), 5 survivors (5120K)
 Metaspace       used 177697K, committed 178560K, reserved 1245184K
  class space    used 23650K, committed 24064K, reserved 1048576K
}
Event: 4955.858 GC heap before
{Heap before GC invocations=92 (full 1):
 garbage-first heap   total 355328K, used 175852K [0x0000000080000000, 0x0000000100000000)
  region size 1024K, 17 young (17408K), 5 survivors (5120K)
 Metaspace       used 178763K, committed 179648K, reserved 1245184K
  class space    used 23780K, committed 24192K, reserved 1048576K
}
Event: 4955.957 GC heap after
{Heap after GC invocations=93 (full 1):
 garbage-first heap   total 355328K, used 162859K [0x0000000080000000, 0x0000000100000000)
  region size 1024K, 2 young (2048K), 2 survivors (2048K)
 Metaspace       used 178763K, committed 179648K, reserved 1245184K
  class space    used 23780K, committed 24192K, reserved 1048576K
}
Event: 4956.774 GC heap before
{Heap before GC invocations=93 (full 1):
 garbage-first heap   total 355328K, used 185387K [0x0000000080000000, 0x0000000100000000)
  region size 1024K, 25 young (25600K), 2 survivors (2048K)
 Metaspace       used 182149K, committed 183040K, reserved 1245184K
  class space    used 24219K, committed 24640K, reserved 1048576K
}

