# JRE version: OpenJDK Runtime Environment (17.0.11) (build 17.0.11+0--11852314)
# Java VM: OpenJDK 64-Bit Server VM (17.0.11+0--11852314, mixed mode, tiered, compressed oops, compressed class ptrs, g1 gc, windows-amd64)
GC Precious Log:
 CPUs: 4 total, 4 available
 Memory: 8089M
 Large Page Support: Disabled
 NUMA Support: Disabled
 Compressed Oops: Enabled (32-bit)
 Heap Region Size: 1M
 Heap Min Capacity: 8M
 Heap Initial Capacity: 128M
 Heap Max Capacity: 2G
 Pre-touch: Disabled
 Parallel Workers: 4
 Concurrent Workers: 1
 Concurrent Refinement Workers: 4
 Periodic GC: Disabled
Heap:
 garbage-first heap   total 235520K, used 102988K [0x0000000080000000, 0x0000000100000000)
  region size 1024K, 16 young (16384K), 8 survivors (8192K)
 Metaspace       used 99026K, committed 99776K, reserved 1179648K
  class space    used 13666K, committed 14016K, reserved 1048576K
GC Heap History (20 events):
Event: 9.663 GC heap before
{Heap before GC invocations=20 (full 0):
 garbage-first heap   total 109568K, used 77942K [0x0000000080000000, 0x0000000100000000)
  region size 1024K, 25 young (25600K), 5 survivors (5120K)
 Metaspace       used 58271K, committed 58880K, reserved 1114112K
  class space    used 7977K, committed 8256K, reserved 1048576K
}
Event: 9.671 GC heap after
{Heap after GC invocations=21 (full 0):
 garbage-first heap   total 109568K, used 62458K [0x0000000080000000, 0x0000000100000000)
  region size 1024K, 4 young (4096K), 4 survivors (4096K)
 Metaspace       used 58271K, committed 58880K, reserved 1114112K
  class space    used 7977K, committed 8256K, reserved 1048576K
}
Event: 9.682 GC heap before
{Heap before GC invocations=21 (full 0):
 garbage-first heap   total 109568K, used 62458K [0x0000000080000000, 0x0000000100000000)
  region size 1024K, 5 young (5120K), 4 survivors (4096K)
 Metaspace       used 58317K, committed 58880K, reserved 1114112K
  class space    used 7984K, committed 8256K, reserved 1048576K
}
Event: 9.687 GC heap after
{Heap after GC invocations=22 (full 0):
 garbage-first heap   total 109568K, used 62235K [0x0000000080000000, 0x0000000100000000)
  region size 1024K, 1 young (1024K), 1 survivors (1024K)
 Metaspace       used 58317K, committed 58880K, reserved 1114112K
  class space    used 7984K, committed 8256K, reserved 1048576K
}
Event: 9.708 GC heap before
{Heap before GC invocations=22 (full 0):
 garbage-first heap   total 109568K, used 64283K [0x0000000080000000, 0x0000000100000000)
  region size 1024K, 4 young (4096K), 1 survivors (1024K)
 Metaspace       used 58463K, committed 59008K, reserved 1114112K
  class space    used 7996K, committed 8256K, reserved 1048576K
}
Event: 9.709 GC heap after
{Heap after GC invocations=23 (full 0):
 garbage-first heap   total 109568K, used 62183K [0x0000000080000000, 0x0000000100000000)
  region size 1024K, 1 young (1024K), 1 survivors (1024K)
 Metaspace       used 58463K, committed 59008K, reserved 1114112K
  class space    used 7996K, committed 8256K, reserved 1048576K
}
Event: 9.975 GC heap before
{Heap before GC invocations=24 (full 0):
 garbage-first heap   total 117760K, used 81639K [0x0000000080000000, 0x0000000100000000)
  region size 1024K, 20 young (20480K), 1 survivors (1024K)
 Metaspace       used 59966K, committed 60544K, reserved 1114112K
  class space    used 8208K, committed 8512K, reserved 1048576K
}
Event: 9.978 GC heap after
{Heap after GC invocations=25 (full 0):
 garbage-first heap   total 117760K, used 63739K [0x0000000080000000, 0x0000000100000000)
  region size 1024K, 2 young (2048K), 2 survivors (2048K)
 Metaspace       used 59966K, committed 60544K, reserved 1114112K
  class space    used 8208K, committed 8512K, reserved 1048576K
}
Event: 10.019 GC heap before
{Heap before GC invocations=25 (full 0):
 garbage-first heap   total 117760K, used 66811K [0x0000000080000000, 0x0000000100000000)
  region size 1024K, 5 young (5120K), 2 survivors (2048K)
 Metaspace       used 60204K, committed 60736K, reserved 1114112K
  class space    used 8246K, committed 8512K, reserved 1048576K
}
Event: 10.024 GC heap after
{Heap after GC invocations=26 (full 0):
 garbage-first heap   total 235520K, used 63351K [0x0000000080000000, 0x0000000100000000)
  region size 1024K, 1 young (1024K), 1 survivors (1024K)
 Metaspace       used 60204K, committed 60736K, reserved 1114112K
  class space    used 8246K, committed 8512K, reserved 1048576K
}
Event: 11.470 GC heap before
{Heap before GC invocations=26 (full 0):
 garbage-first heap   total 235520K, used 156535K [0x0000000080000000, 0x0000000100000000)
  region size 1024K, 87 young (89088K), 1 survivors (1024K)
 Metaspace       used 68988K, committed 69632K, reserved 1114112K
  class space    used 9281K, committed 9600K, reserved 1048576K
}
Event: 11.479 GC heap after
{Heap after GC invocations=27 (full 0):
 garbage-first heap   total 235520K, used 69926K [0x0000000080000000, 0x0000000100000000)
  region size 1024K, 6 young (6144K), 6 survivors (6144K)
 Metaspace       used 68988K, committed 69632K, reserved 1114112K
  class space    used 9281K, committed 9600K, reserved 1048576K
}
Event: 13.187 GC heap before
{Heap before GC invocations=27 (full 0):
 garbage-first heap   total 235520K, used 182566K [0x0000000080000000, 0x0000000100000000)
  region size 1024K, 113 young (115712K), 6 survivors (6144K)
 Metaspace       used 78874K, committed 79488K, reserved 1179648K
  class space    used 10623K, committed 10944K, reserved 1048576K
}
Event: 13.202 GC heap after
{Heap after GC invocations=28 (full 0):
 garbage-first heap   total 235520K, used 80222K [0x0000000080000000, 0x0000000100000000)
  region size 1024K, 12 young (12288K), 12 survivors (12288K)
 Metaspace       used 78874K, committed 79488K, reserved 1179648K
  class space    used 10623K, committed 10944K, reserved 1048576K
}
Event: 14.752 GC heap before
{Heap before GC invocations=28 (full 0):
 garbage-first heap   total 235520K, used 180574K [0x0000000080000000, 0x0000000100000000)
  region size 1024K, 110 young (112640K), 12 survivors (12288K)
 Metaspace       used 84629K, committed 85248K, reserved 1179648K
  class space    used 11416K, committed 11712K, reserved 1048576K
}
Event: 14.775 GC heap after
{Heap after GC invocations=29 (full 0):
 garbage-first heap   total 235520K, used 87844K [0x0000000080000000, 0x0000000100000000)
  region size 1024K, 14 young (14336K), 14 survivors (14336K)
 Metaspace       used 84629K, committed 85248K, reserved 1179648K
  class space    used 11416K, committed 11712K, reserved 1048576K
}
Event: 16.351 GC heap before
{Heap before GC invocations=29 (full 0):
 garbage-first heap   total 235520K, used 184100K [0x0000000080000000, 0x0000000100000000)
  region size 1024K, 107 young (109568K), 14 survivors (14336K)
 Metaspace       used 91193K, committed 91840K, reserved 1179648K
  class space    used 12546K, committed 12864K, reserved 1048576K
}
Event: 16.382 GC heap after
{Heap after GC invocations=30 (full 0):
 garbage-first heap   total 235520K, used 91559K [0x0000000080000000, 0x0000000100000000)
  region size 1024K, 11 young (11264K), 11 survivors (11264K)
 Metaspace       used 91193K, committed 91840K, reserved 1179648K
  class space    used 12546K, committed 12864K, reserved 1048576K
}
Event: 17.833 GC heap before
{Heap before GC invocations=30 (full 0):
 garbage-first heap   total 235520K, used 175527K [0x0000000080000000, 0x0000000100000000)
  region size 1024K, 94 young (96256K), 11 survivors (11264K)
 Metaspace       used 98471K, committed 99136K, reserved 1179648K
  class space    used 13589K, committed 13952K, reserved 1048576K
}
Event: 17.857 GC heap after
{Heap after GC invocations=31 (full 0):
 garbage-first heap   total 235520K, used 95820K [0x0000000080000000, 0x0000000100000000)
  region size 1024K, 8 young (8192K), 8 survivors (8192K)
 Metaspace       used 98471K, committed 99136K, reserved 1179648K
  class space    used 13589K, committed 13952K, reserved 1048576K
}

