# JRE version: OpenJDK Runtime Environment (17.0.11) (build 17.0.11+0--11852314)
# Java VM: OpenJDK 64-Bit Server VM (17.0.11+0--11852314, mixed mode, tiered, compressed oops, compressed class ptrs, g1 gc, windows-amd64)
GC Precious Log:
 CPUs: 4 total, 4 available
 Memory: 8089M
 Large Page Support: Disabled
 NUMA Support: Disabled
 Compressed Oops: Enabled (32-bit)
 Heap Region Size: 1M
 Heap Min Capacity: 8M
 Heap Initial Capacity: 128M
 Heap Max Capacity: 2G
 Pre-touch: Disabled
 Parallel Workers: 4
 Concurrent Workers: 1
 Concurrent Refinement Workers: 4
 Periodic GC: Disabled
Heap:
 garbage-first heap   total 243712K, used 113664K [0x0000000080000000, 0x0000000100000000)
  region size 1024K, 28 young (28672K), 8 survivors (8192K)
 Metaspace       used 98028K, committed 98688K, reserved 1179648K
  class space    used 13557K, committed 13888K, reserved 1048576K
GC Heap History (20 events):
Event: 9.803 GC heap before
{Heap before GC invocations=22 (full 0):
 garbage-first heap   total 110592K, used 64418K [0x0000000080000000, 0x0000000100000000)
  region size 1024K, 4 young (4096K), 1 survivors (1024K)
 Metaspace       used 58499K, committed 59072K, reserved 1114112K
  class space    used 7998K, committed 8256K, reserved 1048576K
}
Event: 9.805 GC heap after
{Heap after GC invocations=23 (full 0):
 garbage-first heap   total 110592K, used 62738K [0x0000000080000000, 0x0000000100000000)
  region size 1024K, 1 young (1024K), 1 survivors (1024K)
 Metaspace       used 58499K, committed 59072K, reserved 1114112K
  class space    used 7998K, committed 8256K, reserved 1048576K
}
Event: 10.152 GC heap before
{Heap before GC invocations=24 (full 0):
 garbage-first heap   total 117760K, used 83218K [0x0000000080000000, 0x0000000100000000)
  region size 1024K, 21 young (21504K), 1 survivors (1024K)
 Metaspace       used 60106K, committed 60672K, reserved 1114112K
  class space    used 8226K, committed 8512K, reserved 1048576K
}
Event: 10.155 GC heap after
{Heap after GC invocations=25 (full 0):
 garbage-first heap   total 117760K, used 64321K [0x0000000080000000, 0x0000000100000000)
  region size 1024K, 2 young (2048K), 2 survivors (2048K)
 Metaspace       used 60106K, committed 60672K, reserved 1114112K
  class space    used 8226K, committed 8512K, reserved 1048576K
}
Event: 10.208 GC heap before
{Heap before GC invocations=25 (full 0):
 garbage-first heap   total 117760K, used 67393K [0x0000000080000000, 0x0000000100000000)
  region size 1024K, 5 young (5120K), 2 survivors (2048K)
 Metaspace       used 60354K, committed 60992K, reserved 1114112K
  class space    used 8260K, committed 8576K, reserved 1048576K
}
Event: 10.211 GC heap after
{Heap after GC invocations=26 (full 0):
 garbage-first heap   total 117760K, used 63906K [0x0000000080000000, 0x0000000100000000)
  region size 1024K, 1 young (1024K), 1 survivors (1024K)
 Metaspace       used 60354K, committed 60992K, reserved 1114112K
  class space    used 8260K, committed 8576K, reserved 1048576K
}
Event: 10.602 GC heap before
{Heap before GC invocations=26 (full 0):
 garbage-first heap   total 117760K, used 87458K [0x0000000080000000, 0x0000000100000000)
  region size 1024K, 25 young (25600K), 1 survivors (1024K)
 Metaspace       used 63012K, committed 63616K, reserved 1114112K
  class space    used 8532K, committed 8768K, reserved 1048576K
}
Event: 10.605 GC heap after
{Heap after GC invocations=27 (full 0):
 garbage-first heap   total 117760K, used 64475K [0x0000000080000000, 0x0000000100000000)
  region size 1024K, 1 young (1024K), 1 survivors (1024K)
 Metaspace       used 63012K, committed 63616K, reserved 1114112K
  class space    used 8532K, committed 8768K, reserved 1048576K
}
Event: 11.036 GC heap before
{Heap before GC invocations=28 (full 0):
 garbage-first heap   total 121856K, used 90075K [0x0000000080000000, 0x0000000100000000)
  region size 1024K, 27 young (27648K), 1 survivors (1024K)
 Metaspace       used 65613K, committed 66240K, reserved 1114112K
  class space    used 8802K, committed 9088K, reserved 1048576K
}
Event: 11.040 GC heap after
{Heap after GC invocations=29 (full 0):
 garbage-first heap   total 121856K, used 65321K [0x0000000080000000, 0x0000000100000000)
  region size 1024K, 2 young (2048K), 2 survivors (2048K)
 Metaspace       used 65613K, committed 66240K, reserved 1114112K
  class space    used 8802K, committed 9088K, reserved 1048576K
}
Event: 11.098 GC heap before
{Heap before GC invocations=29 (full 0):
 garbage-first heap   total 121856K, used 67369K [0x0000000080000000, 0x0000000100000000)
  region size 1024K, 5 young (5120K), 2 survivors (2048K)
 Metaspace       used 66022K, committed 66624K, reserved 1114112K
  class space    used 8873K, committed 9152K, reserved 1048576K
}
Event: 11.103 GC heap after
{Heap after GC invocations=30 (full 0):
 garbage-first heap   total 243712K, used 65420K [0x0000000080000000, 0x0000000100000000)
  region size 1024K, 1 young (1024K), 1 survivors (1024K)
 Metaspace       used 66022K, committed 66624K, reserved 1114112K
  class space    used 8873K, committed 9152K, reserved 1048576K
}
Event: 13.467 GC heap before
{Heap before GC invocations=30 (full 0):
 garbage-first heap   total 243712K, used 176012K [0x0000000080000000, 0x0000000100000000)
  region size 1024K, 100 young (102400K), 1 survivors (1024K)
 Metaspace       used 74803K, committed 75456K, reserved 1179648K
  class space    used 10049K, committed 10368K, reserved 1048576K
}
Event: 13.486 GC heap after
{Heap after GC invocations=31 (full 0):
 garbage-first heap   total 243712K, used 78773K [0x0000000080000000, 0x0000000100000000)
  region size 1024K, 9 young (9216K), 9 survivors (9216K)
 Metaspace       used 74803K, committed 75456K, reserved 1179648K
  class space    used 10049K, committed 10368K, reserved 1048576K
}
Event: 14.997 GC heap before
{Heap before GC invocations=31 (full 0):
 garbage-first heap   total 243712K, used 178101K [0x0000000080000000, 0x0000000100000000)
  region size 1024K, 106 young (108544K), 9 survivors (9216K)
 Metaspace       used 81839K, committed 82432K, reserved 1179648K
  class space    used 11033K, committed 11328K, reserved 1048576K
}
Event: 15.017 GC heap after
{Heap after GC invocations=32 (full 0):
 garbage-first heap   total 243712K, used 86352K [0x0000000080000000, 0x0000000100000000)
  region size 1024K, 8 young (8192K), 8 survivors (8192K)
 Metaspace       used 81839K, committed 82432K, reserved 1179648K
  class space    used 11033K, committed 11328K, reserved 1048576K
}
Event: 16.427 GC heap before
{Heap before GC invocations=32 (full 0):
 garbage-first heap   total 243712K, used 183632K [0x0000000080000000, 0x0000000100000000)
  region size 1024K, 103 young (105472K), 8 survivors (8192K)
 Metaspace       used 88475K, committed 89088K, reserved 1179648K
  class space    used 12143K, committed 12416K, reserved 1048576K
}
Event: 16.442 GC heap after
{Heap after GC invocations=33 (full 0):
 garbage-first heap   total 243712K, used 90092K [0x0000000080000000, 0x0000000100000000)
  region size 1024K, 4 young (4096K), 4 survivors (4096K)
 Metaspace       used 88475K, committed 89088K, reserved 1179648K
  class space    used 12143K, committed 12416K, reserved 1048576K
}
Event: 18.090 GC heap before
{Heap before GC invocations=33 (full 0):
 garbage-first heap   total 243712K, used 191468K [0x0000000080000000, 0x0000000100000000)
  region size 1024K, 103 young (105472K), 4 survivors (4096K)
 Metaspace       used 95807K, committed 96512K, reserved 1179648K
  class space    used 13241K, committed 13568K, reserved 1048576K
}
Event: 18.105 GC heap after
{Heap after GC invocations=34 (full 0):
 garbage-first heap   total 243712K, used 94208K [0x0000000080000000, 0x0000000100000000)
  region size 1024K, 8 young (8192K), 8 survivors (8192K)
 Metaspace       used 95807K, committed 96512K, reserved 1179648K
  class space    used 13241K, committed 13568K, reserved 1048576K
}

