# JRE version: OpenJDK Runtime Environment (17.0.11) (build 17.0.11+0--11852314)
# Java VM: OpenJDK 64-Bit Server VM (17.0.11+0--11852314, mixed mode, tiered, compressed oops, compressed class ptrs, g1 gc, windows-amd64)
GC Precious Log:
 CPUs: 4 total, 4 available
 Memory: 8089M
 Large Page Support: Disabled
 NUMA Support: Disabled
 Compressed Oops: Enabled (32-bit)
 Heap Region Size: 1M
 Heap Min Capacity: 8M
 Heap Initial Capacity: 128M
 Heap Max Capacity: 2G
 Pre-touch: Disabled
 Parallel Workers: 4
 Concurrent Workers: 1
 Concurrent Refinement Workers: 4
 Periodic GC: Disabled
Heap:
 garbage-first heap   total 219136K, used 139675K [0x0000000080000000, 0x0000000100000000)
  region size 1024K, 3 young (3072K), 3 survivors (3072K)
 Metaspace       used 108190K, committed 108992K, reserved 1179648K
  class space    used 14726K, committed 15168K, reserved 1048576K
GC Heap History (20 events):
Event: 55.474 GC heap after
{Heap after GC invocations=51 (full 0):
 garbage-first heap   total 156672K, used 94502K [0x0000000080000000, 0x0000000100000000)
  region size 1024K, 5 young (5120K), 5 survivors (5120K)
 Metaspace       used 99129K, committed 99776K, reserved 1179648K
  class space    used 13682K, committed 14016K, reserved 1048576K
}
Event: 56.345 GC heap before
{Heap before GC invocations=51 (full 0):
 garbage-first heap   total 156672K, used 131366K [0x0000000080000000, 0x0000000100000000)
  region size 1024K, 42 young (43008K), 5 survivors (5120K)
 Metaspace       used 101162K, committed 101888K, reserved 1179648K
  class space    used 13936K, committed 14272K, reserved 1048576K
}
Event: 56.357 GC heap after
{Heap after GC invocations=52 (full 0):
 garbage-first heap   total 156672K, used 97761K [0x0000000080000000, 0x0000000100000000)
  region size 1024K, 5 young (5120K), 5 survivors (5120K)
 Metaspace       used 101162K, committed 101888K, reserved 1179648K
  class space    used 13936K, committed 14272K, reserved 1048576K
}
Event: 59.198 GC heap before
{Heap before GC invocations=52 (full 0):
 garbage-first heap   total 156672K, used 136673K [0x0000000080000000, 0x0000000100000000)
  region size 1024K, 39 young (39936K), 5 survivors (5120K)
 Metaspace       used 104439K, committed 105152K, reserved 1179648K
  class space    used 14306K, committed 14656K, reserved 1048576K
}
Event: 59.214 GC heap after
{Heap after GC invocations=53 (full 0):
 garbage-first heap   total 156672K, used 102799K [0x0000000080000000, 0x0000000100000000)
  region size 1024K, 5 young (5120K), 5 survivors (5120K)
 Metaspace       used 104439K, committed 105152K, reserved 1179648K
  class space    used 14306K, committed 14656K, reserved 1048576K
}
Event: 61.247 GC heap before
{Heap before GC invocations=53 (full 0):
 garbage-first heap   total 156672K, used 131471K [0x0000000080000000, 0x0000000100000000)
  region size 1024K, 33 young (33792K), 5 survivors (5120K)
 Metaspace       used 104495K, committed 105216K, reserved 1179648K
  class space    used 14309K, committed 14656K, reserved 1048576K
}
Event: 61.259 GC heap after
{Heap after GC invocations=54 (full 0):
 garbage-first heap   total 156672K, used 106074K [0x0000000080000000, 0x0000000100000000)
  region size 1024K, 4 young (4096K), 4 survivors (4096K)
 Metaspace       used 104495K, committed 105216K, reserved 1179648K
  class space    used 14309K, committed 14656K, reserved 1048576K
}
Event: 62.111 GC heap before
{Heap before GC invocations=54 (full 0):
 garbage-first heap   total 156672K, used 131674K [0x0000000080000000, 0x0000000100000000)
  region size 1024K, 29 young (29696K), 4 survivors (4096K)
 Metaspace       used 105356K, committed 106176K, reserved 1179648K
  class space    used 14466K, committed 14848K, reserved 1048576K
}
Event: 62.121 GC heap after
{Heap after GC invocations=55 (full 0):
 garbage-first heap   total 156672K, used 107379K [0x0000000080000000, 0x0000000100000000)
  region size 1024K, 4 young (4096K), 4 survivors (4096K)
 Metaspace       used 105356K, committed 106176K, reserved 1179648K
  class space    used 14466K, committed 14848K, reserved 1048576K
}
Event: 65.105 GC heap before
{Heap before GC invocations=55 (full 0):
 garbage-first heap   total 156672K, used 129907K [0x0000000080000000, 0x0000000100000000)
  region size 1024K, 27 young (27648K), 4 survivors (4096K)
 Metaspace       used 107206K, committed 108032K, reserved 1179648K
  class space    used 14646K, committed 15040K, reserved 1048576K
}
Event: 65.114 GC heap after
{Heap after GC invocations=56 (full 0):
 garbage-first heap   total 156672K, used 109774K [0x0000000080000000, 0x0000000100000000)
  region size 1024K, 3 young (3072K), 3 survivors (3072K)
 Metaspace       used 107206K, committed 108032K, reserved 1179648K
  class space    used 14646K, committed 15040K, reserved 1048576K
}
Event: 66.367 GC heap before
{Heap before GC invocations=56 (full 0):
 garbage-first heap   total 156672K, used 134350K [0x0000000080000000, 0x0000000100000000)
  region size 1024K, 22 young (22528K), 3 survivors (3072K)
 Metaspace       used 107297K, committed 108096K, reserved 1179648K
  class space    used 14648K, committed 15040K, reserved 1048576K
}
Event: 66.379 GC heap after
{Heap after GC invocations=57 (full 0):
 garbage-first heap   total 156672K, used 119672K [0x0000000080000000, 0x0000000100000000)
  region size 1024K, 4 young (4096K), 4 survivors (4096K)
 Metaspace       used 107297K, committed 108096K, reserved 1179648K
  class space    used 14648K, committed 15040K, reserved 1048576K
}
Event: 66.765 GC heap before
{Heap before GC invocations=57 (full 0):
 garbage-first heap   total 219136K, used 130936K [0x0000000080000000, 0x0000000100000000)
  region size 1024K, 13 young (13312K), 4 survivors (4096K)
 Metaspace       used 107300K, committed 108096K, reserved 1179648K
  class space    used 14647K, committed 15040K, reserved 1048576K
}
Event: 66.788 GC heap after
{Heap after GC invocations=58 (full 0):
 garbage-first heap   total 219136K, used 126443K [0x0000000080000000, 0x0000000100000000)
  region size 1024K, 2 young (2048K), 2 survivors (2048K)
 Metaspace       used 107300K, committed 108096K, reserved 1179648K
  class space    used 14647K, committed 15040K, reserved 1048576K
}
Event: 68.704 GC heap before
{Heap before GC invocations=59 (full 0):
 garbage-first heap   total 219136K, used 178667K [0x0000000080000000, 0x0000000100000000)
  region size 1024K, 46 young (47104K), 2 survivors (2048K)
 Metaspace       used 107770K, committed 108608K, reserved 1179648K
  class space    used 14692K, committed 15104K, reserved 1048576K
}
Event: 68.792 GC heap after
{Heap after GC invocations=60 (full 0):
 garbage-first heap   total 219136K, used 137903K [0x0000000080000000, 0x0000000100000000)
  region size 1024K, 6 young (6144K), 6 survivors (6144K)
 Metaspace       used 107770K, committed 108608K, reserved 1179648K
  class space    used 14692K, committed 15104K, reserved 1048576K
}
Event: 68.972 GC heap before
{Heap before GC invocations=60 (full 0):
 garbage-first heap   total 219136K, used 140975K [0x0000000080000000, 0x0000000100000000)
  region size 1024K, 10 young (10240K), 6 survivors (6144K)
 Metaspace       used 107783K, committed 108608K, reserved 1179648K
  class space    used 14692K, committed 15104K, reserved 1048576K
}
Event: 68.986 GC heap after
{Heap after GC invocations=61 (full 0):
 garbage-first heap   total 219136K, used 138070K [0x0000000080000000, 0x0000000100000000)
  region size 1024K, 2 young (2048K), 2 survivors (2048K)
 Metaspace       used 107783K, committed 108608K, reserved 1179648K
  class space    used 14692K, committed 15104K, reserved 1048576K
}
Event: 70.254 GC heap before
{Heap before GC invocations=61 (full 0):
 garbage-first heap   total 219136K, used 189270K [0x0000000080000000, 0x0000000100000000)
  region size 1024K, 36 young (36864K), 2 survivors (2048K)
 Metaspace       used 108190K, committed 108992K, reserved 1179648K
  class space    used 14726K, committed 15168K, reserved 1048576K
}

