# JRE version: OpenJDK Runtime Environment (17.0.11) (build 17.0.11+0--11852314)
# Java VM: OpenJDK 64-Bit Server VM (17.0.11+0--11852314, mixed mode, tiered, compressed oops, compressed class ptrs, g1 gc, windows-amd64)
GC Precious Log:
 CPUs: 4 total, 4 available
 Memory: 8089M
 Large Page Support: Disabled
 NUMA Support: Disabled
 Compressed Oops: Enabled (32-bit)
 Heap Region Size: 1M
 Heap Min Capacity: 8M
 Heap Initial Capacity: 128M
 Heap Max Capacity: 2G
 Pre-touch: Disabled
 Parallel Workers: 4
 Concurrent Workers: 1
 Concurrent Refinement Workers: 4
 Periodic GC: Disabled
Heap:
 garbage-first heap   total 195584K, used 105567K [0x0000000080000000, 0x0000000100000000)
  region size 1024K, 2 young (2048K), 2 survivors (2048K)
 Metaspace       used 104454K, committed 105152K, reserved 1179648K
  class space    used 14309K, committed 14656K, reserved 1048576K
GC Heap History (20 events):
Event: 14.377 GC heap after
{Heap after GC invocations=27 (full 0):
 garbage-first heap   total 162816K, used 76754K [0x0000000080000000, 0x0000000100000000)
  region size 1024K, 5 young (5120K), 5 survivors (5120K)
 Metaspace       used 74747K, committed 75328K, reserved 1114112K
  class space    used 10035K, committed 10304K, reserved 1048576K
}
Event: 15.114 GC heap before
{Heap before GC invocations=27 (full 0):
 garbage-first heap   total 162816K, used 132050K [0x0000000080000000, 0x0000000100000000)
  region size 1024K, 55 young (56320K), 5 survivors (5120K)
 Metaspace       used 79759K, committed 80384K, reserved 1179648K
  class space    used 10738K, committed 11072K, reserved 1048576K
}
Event: 15.124 GC heap after
{Heap after GC invocations=28 (full 0):
 garbage-first heap   total 162816K, used 83653K [0x0000000080000000, 0x0000000100000000)
  region size 1024K, 5 young (5120K), 5 survivors (5120K)
 Metaspace       used 79759K, committed 80384K, reserved 1179648K
  class space    used 10738K, committed 11072K, reserved 1048576K
}
Event: 15.778 GC heap before
{Heap before GC invocations=28 (full 0):
 garbage-first heap   total 162816K, used 130757K [0x0000000080000000, 0x0000000100000000)
  region size 1024K, 51 young (52224K), 5 survivors (5120K)
 Metaspace       used 81890K, committed 82496K, reserved 1179648K
  class space    used 11029K, committed 11328K, reserved 1048576K
}
Event: 15.794 GC heap after
{Heap after GC invocations=29 (full 0):
 garbage-first heap   total 195584K, used 88134K [0x0000000080000000, 0x0000000100000000)
  region size 1024K, 7 young (7168K), 7 survivors (7168K)
 Metaspace       used 81890K, committed 82496K, reserved 1179648K
  class space    used 11029K, committed 11328K, reserved 1048576K
}
Event: 16.831 GC heap before
{Heap before GC invocations=30 (full 0):
 garbage-first heap   total 195584K, used 150598K [0x0000000080000000, 0x0000000100000000)
  region size 1024K, 69 young (70656K), 7 survivors (7168K)
 Metaspace       used 85842K, committed 86464K, reserved 1179648K
  class space    used 11612K, committed 11904K, reserved 1048576K
}
Event: 16.844 GC heap after
{Heap after GC invocations=31 (full 0):
 garbage-first heap   total 195584K, used 88811K [0x0000000080000000, 0x0000000100000000)
  region size 1024K, 7 young (7168K), 7 survivors (7168K)
 Metaspace       used 85842K, committed 86464K, reserved 1179648K
  class space    used 11612K, committed 11904K, reserved 1048576K
}
Event: 16.864 GC heap before
{Heap before GC invocations=31 (full 0):
 garbage-first heap   total 195584K, used 89835K [0x0000000080000000, 0x0000000100000000)
  region size 1024K, 9 young (9216K), 7 survivors (7168K)
 Metaspace       used 85985K, committed 86656K, reserved 1179648K
  class space    used 11645K, committed 11968K, reserved 1048576K
}
Event: 16.875 GC heap after
{Heap after GC invocations=32 (full 0):
 garbage-first heap   total 195584K, used 87803K [0x0000000080000000, 0x0000000100000000)
  region size 1024K, 1 young (1024K), 1 survivors (1024K)
 Metaspace       used 85985K, committed 86656K, reserved 1179648K
  class space    used 11645K, committed 11968K, reserved 1048576K
}
Event: 17.881 GC heap before
{Heap before GC invocations=32 (full 0):
 garbage-first heap   total 195584K, used 152315K [0x0000000080000000, 0x0000000100000000)
  region size 1024K, 64 young (65536K), 1 survivors (1024K)
 Metaspace       used 90500K, committed 91200K, reserved 1179648K
  class space    used 12447K, committed 12800K, reserved 1048576K
}
Event: 17.888 GC heap after
{Heap after GC invocations=33 (full 0):
 garbage-first heap   total 195584K, used 89552K [0x0000000080000000, 0x0000000100000000)
  region size 1024K, 3 young (3072K), 3 survivors (3072K)
 Metaspace       used 90500K, committed 91200K, reserved 1179648K
  class space    used 12447K, committed 12800K, reserved 1048576K
}
Event: 19.695 GC heap before
{Heap before GC invocations=34 (full 0):
 garbage-first heap   total 195584K, used 158160K [0x0000000080000000, 0x0000000100000000)
  region size 1024K, 70 young (71680K), 3 survivors (3072K)
 Metaspace       used 95593K, committed 96256K, reserved 1179648K
  class space    used 13180K, committed 13504K, reserved 1048576K
}
Event: 19.707 GC heap after
{Heap after GC invocations=35 (full 0):
 garbage-first heap   total 195584K, used 92794K [0x0000000080000000, 0x0000000100000000)
  region size 1024K, 6 young (6144K), 6 survivors (6144K)
 Metaspace       used 95593K, committed 96256K, reserved 1179648K
  class space    used 13180K, committed 13504K, reserved 1048576K
}
Event: 19.762 GC heap before
{Heap before GC invocations=35 (full 0):
 garbage-first heap   total 195584K, used 95866K [0x0000000080000000, 0x0000000100000000)
  region size 1024K, 9 young (9216K), 6 survivors (6144K)
 Metaspace       used 95877K, committed 96576K, reserved 1179648K
  class space    used 13245K, committed 13568K, reserved 1048576K
}
Event: 19.775 GC heap after
{Heap after GC invocations=36 (full 0):
 garbage-first heap   total 195584K, used 92947K [0x0000000080000000, 0x0000000100000000)
  region size 1024K, 1 young (1024K), 1 survivors (1024K)
 Metaspace       used 95877K, committed 96576K, reserved 1179648K
  class space    used 13245K, committed 13568K, reserved 1048576K
}
Event: 21.003 GC heap before
{Heap before GC invocations=36 (full 0):
 garbage-first heap   total 195584K, used 159507K [0x0000000080000000, 0x0000000100000000)
  region size 1024K, 67 young (68608K), 1 survivors (1024K)
 Metaspace       used 100929K, committed 101632K, reserved 1179648K
  class space    used 13915K, committed 14272K, reserved 1048576K
}
Event: 21.012 GC heap after
{Heap after GC invocations=37 (full 0):
 garbage-first heap   total 195584K, used 96773K [0x0000000080000000, 0x0000000100000000)
  region size 1024K, 5 young (5120K), 5 survivors (5120K)
 Metaspace       used 100929K, committed 101632K, reserved 1179648K
  class space    used 13915K, committed 14272K, reserved 1048576K
}
Event: 22.338 GC heap before
{Heap before GC invocations=38 (full 0):
 garbage-first heap   total 195584K, used 165381K [0x0000000080000000, 0x0000000100000000)
  region size 1024K, 68 young (69632K), 5 survivors (5120K)
 Metaspace       used 104452K, committed 105152K, reserved 1179648K
  class space    used 14309K, committed 14656K, reserved 1048576K
}
Event: 22.364 GC heap after
{Heap after GC invocations=39 (full 0):
 garbage-first heap   total 195584K, used 104464K [0x0000000080000000, 0x0000000100000000)
  region size 1024K, 9 young (9216K), 9 survivors (9216K)
 Metaspace       used 104452K, committed 105152K, reserved 1179648K
  class space    used 14309K, committed 14656K, reserved 1048576K
}
Event: 22.378 GC heap before
{Heap before GC invocations=39 (full 0):
 garbage-first heap   total 195584K, used 105488K [0x0000000080000000, 0x0000000100000000)
  region size 1024K, 10 young (10240K), 9 survivors (9216K)
 Metaspace       used 104454K, committed 105152K, reserved 1179648K
  class space    used 14309K, committed 14656K, reserved 1048576K
}

