# JRE version: OpenJDK Runtime Environment (17.0.11) (build 17.0.11+0--11852314)
# Java VM: OpenJDK 64-Bit Server VM (17.0.11+0--11852314, mixed mode, tiered, compressed oops, compressed class ptrs, g1 gc, windows-amd64)
GC Precious Log:
 CPUs: 4 total, 4 available
 Memory: 8089M
 Large Page Support: Disabled
 NUMA Support: Disabled
 Compressed Oops: Enabled (32-bit)
 Heap Region Size: 1M
 Heap Min Capacity: 8M
 Heap Initial Capacity: 128M
 Heap Max Capacity: 2G
 Pre-touch: Disabled
 Parallel Workers: 4
 Concurrent Workers: 1
 Concurrent Refinement Workers: 4
 Periodic GC: Disabled
Heap:
 garbage-first heap   total 457728K, used 149644K [0x0000000080000000, 0x0000000100000000)
  region size 1024K, 3 young (3072K), 3 survivors (3072K)
 Metaspace       used 141897K, committed 142912K, reserved 1179648K
  class space    used 19164K, committed 19648K, reserved 1048576K
GC Heap History (20 events):
Event: 87.879 GC heap after
{Heap after GC invocations=86 (full 0):
 garbage-first heap   total 393216K, used 230458K [0x0000000080000000, 0x0000000100000000)
  region size 1024K, 2 young (2048K), 2 survivors (2048K)
 Metaspace       used 128451K, committed 129280K, reserved 1179648K
  class space    used 17467K, committed 17856K, reserved 1048576K
}
Event: 88.405 GC heap before
{Heap before GC invocations=86 (full 0):
 garbage-first heap   total 393216K, used 254010K [0x0000000080000000, 0x0000000100000000)
  region size 1024K, 26 young (26624K), 2 survivors (2048K)
 Metaspace       used 128696K, committed 129472K, reserved 1179648K
  class space    used 17484K, committed 17856K, reserved 1048576K
}
Event: 88.414 GC heap after
{Heap after GC invocations=87 (full 0):
 garbage-first heap   total 393216K, used 233594K [0x0000000080000000, 0x0000000100000000)
  region size 1024K, 5 young (5120K), 5 survivors (5120K)
 Metaspace       used 128696K, committed 129472K, reserved 1179648K
  class space    used 17484K, committed 17856K, reserved 1048576K
}
Event: 89.423 GC heap before
{Heap before GC invocations=88 (full 0):
 garbage-first heap   total 449536K, used 324730K [0x0000000080000000, 0x0000000100000000)
  region size 1024K, 80 young (81920K), 5 survivors (5120K)
 Metaspace       used 128920K, committed 129728K, reserved 1179648K
  class space    used 17504K, committed 17920K, reserved 1048576K
}
Event: 89.440 GC heap after
{Heap after GC invocations=89 (full 0):
 garbage-first heap   total 449536K, used 251651K [0x0000000080000000, 0x0000000100000000)
  region size 1024K, 9 young (9216K), 9 survivors (9216K)
 Metaspace       used 128920K, committed 129728K, reserved 1179648K
  class space    used 17504K, committed 17920K, reserved 1048576K
}
Event: 89.579 GC heap before
{Heap before GC invocations=89 (full 0):
 garbage-first heap   total 449536K, used 263939K [0x0000000080000000, 0x0000000100000000)
  region size 1024K, 21 young (21504K), 9 survivors (9216K)
 Metaspace       used 128970K, committed 129856K, reserved 1179648K
  class space    used 17505K, committed 17920K, reserved 1048576K
}
Event: 89.598 GC heap after
{Heap after GC invocations=90 (full 0):
 garbage-first heap   total 449536K, used 247209K [0x0000000080000000, 0x0000000100000000)
  region size 1024K, 1 young (1024K), 1 survivors (1024K)
 Metaspace       used 128970K, committed 129856K, reserved 1179648K
  class space    used 17505K, committed 17920K, reserved 1048576K
}
Event: 89.959 GC heap before
{Heap before GC invocations=90 (full 0):
 garbage-first heap   total 449536K, used 265641K [0x0000000080000000, 0x0000000100000000)
  region size 1024K, 20 young (20480K), 1 survivors (1024K)
 Metaspace       used 129068K, committed 129920K, reserved 1179648K
  class space    used 17519K, committed 17920K, reserved 1048576K
}
Event: 89.962 GC heap after
{Heap after GC invocations=91 (full 0):
 garbage-first heap   total 449536K, used 246739K [0x0000000080000000, 0x0000000100000000)
  region size 1024K, 1 young (1024K), 1 survivors (1024K)
 Metaspace       used 129068K, committed 129920K, reserved 1179648K
  class space    used 17519K, committed 17920K, reserved 1048576K
}
Event: 108.666 GC heap before
{Heap before GC invocations=92 (full 0):
 garbage-first heap   total 457728K, used 376787K [0x0000000080000000, 0x0000000100000000)
  region size 1024K, 110 young (112640K), 1 survivors (1024K)
 Metaspace       used 130649K, committed 131520K, reserved 1179648K
  class space    used 17685K, committed 18112K, reserved 1048576K
}
Event: 108.678 GC heap after
{Heap after GC invocations=93 (full 0):
 garbage-first heap   total 457728K, used 252814K [0x0000000080000000, 0x0000000100000000)
  region size 1024K, 7 young (7168K), 7 survivors (7168K)
 Metaspace       used 130649K, committed 131520K, reserved 1179648K
  class space    used 17685K, committed 18112K, reserved 1048576K
}
Event: 108.870 GC heap before
{Heap before GC invocations=93 (full 0):
 garbage-first heap   total 457728K, used 268174K [0x0000000080000000, 0x0000000100000000)
  region size 1024K, 22 young (22528K), 7 survivors (7168K)
 Metaspace       used 130861K, committed 131712K, reserved 1179648K
  class space    used 17718K, committed 18112K, reserved 1048576K
}
Event: 108.896 GC heap after
{Heap after GC invocations=94 (full 0):
 garbage-first heap   total 457728K, used 226790K [0x0000000080000000, 0x0000000100000000)
  region size 1024K, 1 young (1024K), 1 survivors (1024K)
 Metaspace       used 130861K, committed 131712K, reserved 1179648K
  class space    used 17718K, committed 18112K, reserved 1048576K
}
Event: 128.786 GC heap before
{Heap before GC invocations=94 (full 0):
 garbage-first heap   total 457728K, used 288230K [0x0000000080000000, 0x0000000100000000)
  region size 1024K, 63 young (64512K), 1 survivors (1024K)
 Metaspace       used 135275K, committed 136128K, reserved 1179648K
  class space    used 18342K, committed 18752K, reserved 1048576K
}
Event: 128.798 GC heap after
{Heap after GC invocations=95 (full 0):
 garbage-first heap   total 457728K, used 231155K [0x0000000080000000, 0x0000000100000000)
  region size 1024K, 6 young (6144K), 6 survivors (6144K)
 Metaspace       used 135275K, committed 136128K, reserved 1179648K
  class space    used 18342K, committed 18752K, reserved 1048576K
}
Event: 138.123 GC heap before
{Heap before GC invocations=96 (full 0):
 garbage-first heap   total 457728K, used 315123K [0x0000000080000000, 0x0000000100000000)
  region size 1024K, 152 young (155648K), 6 survivors (6144K)
 Metaspace       used 141164K, committed 142144K, reserved 1179648K
  class space    used 19147K, committed 19648K, reserved 1048576K
}
Event: 138.148 GC heap after
{Heap after GC invocations=97 (full 0):
 garbage-first heap   total 457728K, used 172257K [0x0000000080000000, 0x0000000100000000)
  region size 1024K, 15 young (15360K), 15 survivors (15360K)
 Metaspace       used 141164K, committed 142144K, reserved 1179648K
  class space    used 19147K, committed 19648K, reserved 1048576K
}
Event: 138.263 GC heap before
{Heap before GC invocations=97 (full 0):
 garbage-first heap   total 457728K, used 178401K [0x0000000080000000, 0x0000000100000000)
  region size 1024K, 22 young (22528K), 15 survivors (15360K)
 Metaspace       used 141367K, committed 142336K, reserved 1179648K
  class space    used 19161K, committed 19648K, reserved 1048576K
}
Event: 138.285 GC heap after
{Heap after GC invocations=98 (full 0):
 garbage-first heap   total 457728K, used 149452K [0x0000000080000000, 0x0000000100000000)
  region size 1024K, 2 young (2048K), 2 survivors (2048K)
 Metaspace       used 141367K, committed 142336K, reserved 1179648K
  class space    used 19161K, committed 19648K, reserved 1048576K
}
Event: 138.687 GC heap before
{Heap before GC invocations=98 (full 0):
 garbage-first heap   total 457728K, used 183244K [0x0000000080000000, 0x0000000100000000)
  region size 1024K, 36 young (36864K), 2 survivors (2048K)
 Metaspace       used 141897K, committed 142912K, reserved 1179648K
  class space    used 19164K, committed 19648K, reserved 1048576K
}

